<?xml version="1.0" encoding="UTF-8"?>
<testng-results skipped="0" failed="0" ignored="0" total="1" passed="1">
  <reporter-output>
  </reporter-output>
  <suite name="Default suite" duration-ms="48" started-at="2020-11-09T04:58:37Z" finished-at="2020-11-09T04:58:37Z">
    <groups>
    </groups>
    <test name="Default test" duration-ms="48" started-at="2020-11-09T04:58:37Z" finished-at="2020-11-09T04:58:37Z">
      <class name="Demo.Demo1">
        <test-method status="PASS" signature="bt()[pri:0, instance:Demo.Demo1@6767c1fc]" name="bt" is-config="true" duration-ms="10" started-at="2020-11-09T10:28:37Z" finished-at="2020-11-09T10:28:37Z">
          <reporter-output>
          </reporter-output>
        </test-method> <!-- bt -->
        <test-method status="PASS" signature="testcase1()[pri:0, instance:Demo.Demo1@6767c1fc]" name="testcase1" duration-ms="12" started-at="2020-11-09T10:28:37Z" finished-at="2020-11-09T10:28:37Z">
          <reporter-output>
          </reporter-output>
        </test-method> <!-- testcase1 -->
        <test-method status="PASS" signature="at()[pri:0, instance:Demo.Demo1@6767c1fc]" name="at" is-config="true" duration-ms="1" started-at="2020-11-09T10:28:37Z" finished-at="2020-11-09T10:28:37Z">
          <reporter-output>
          </reporter-output>
        </test-method> <!-- at -->
      </class> <!-- Demo.Demo1 -->
    </test> <!-- Default test -->
  </suite> <!-- Default suite -->
</testng-results>
